#
# There is insufficient memory for the Java Runtime Environment to continue.
# Native memory allocation (malloc) failed to allocate 1048576 bytes for AllocateHeap
# Possible reasons:
#   The system is out of physical RAM or swap space
#   The process is running with CompressedOops enabled, and the Java Heap may be blocking the growth of the native heap
# Possible solutions:
#   Reduce memory load on the system
#   Increase physical memory or swap space
#   Check if swap backing store is full
#   Decrease Java heap size (-Xmx/-Xms)
#   Decrease number of Java threads
#   Decrease Java thread stack sizes (-Xss)
#   Set larger code cache with -XX:ReservedCodeCacheSize=
#   JVM is running with Unscaled Compressed Oops mode in which the Java heap is
#     placed in the first 4GB address space. The Java Heap base address is the
#     maximum limit for the native heap growth. Please use -XX:HeapBaseMinAddress
#     to set the Java Heap base and to place the Java Heap above 4GB virtual address.
# This output file may be truncated or incomplete.
#
#  Out of Memory Error (./src/hotspot/share/memory/allocation.cpp:46), pid=12464, tid=4212
#
# JRE version: OpenJDK Runtime Environment (11.0.11+9) (build 11.0.11+9-b60-7590822)
# Java VM: OpenJDK 64-Bit Server VM (11.0.11+9-b60-7590822, mixed mode, tiered, compressed oops, g1 gc, windows-amd64)
# No core dump will be written. Minidumps are not enabled by default on client versions of Windows
#

---------------  S U M M A R Y ------------

Command Line: org.jetbrains.kotlin.cli.jvm.K2JVMCompiler @C:\Users\maxon\AndroidStudioProjects\lab3\app\build\20220126_12033210888677409964.compiler.options

Host: AMD Ryzen 3 2200U with Radeon Vega Mobile Gfx  , 4 cores, 6G,  Windows 10 , 64 bit Build 19041 (10.0.19041.1466)
Time: Wed Jan 26 18:44:44 2022 RTZ 2 (зима) elapsed time: 0.400007 seconds (0d 0h 0m 0s)

---------------  T H R E A D  ---------------

Current thread (0x00000194f1cdf800):  VMThread "VM Thread" [stack: 0x0000003d65000000,0x0000003d65100000] [id=4212]

Stack: [0x0000003d65000000,0x0000003d65100000]
[error occurred during error reporting (printing stack bounds), id 0xc0000005, EXCEPTION_ACCESS_VIOLATION (0xc0000005) at pc=0x00000194dbf00f2d]

Native frames: (J=compiled Java code, j=interpreted, Vv=VM code, C=native code)
V  [jvm.dll+0x5f214a]
V  [jvm.dll+0x726fb5]
V  [jvm.dll+0x7285cd]
V  [jvm.dll+0x728be5]
V  [jvm.dll+0x728b9b]
V  [jvm.dll+0x5f14e8]
V  [jvm.dll+0x5f1c78]
C  [ntdll.dll+0xa20cf]
C  [ntdll.dll+0x51454]
C  [ntdll.dll+0xa0bfe]
C  0x00000194dbf00f2d

VM_Operation (0x0000003d64afabf0): CollectForMetadataAllocation, mode: safepoint, requested by thread 0x00000194d83da000


---------------  P R O C E S S  ---------------

Threads class SMR info:
_java_thread_list=0x00000194f27fac50, length=11, elements={
0x00000194d83da000, 0x00000194f1d0a000, 0x00000194f1d14000, 0x00000194f1d27800,
0x00000194f1d28000, 0x00000194f1d29000, 0x00000194f1d2b800, 0x00000194f1d31000,
0x00000194f1d33000, 0x00000194f2810800, 0x00000194f2805800
}

Java Threads: ( => current thread )
  0x00000194d83da000 JavaThread "main" [_thread_blocked, id=7060, stack(0x0000003d64a00000,0x0000003d64b00000)]
  0x00000194f1d0a000 JavaThread "Reference Handler" daemon [_thread_blocked, id=10104, stack(0x0000003d65100000,0x0000003d65200000)]
  0x00000194f1d14000 JavaThread "Finalizer" daemon [_thread_blocked, id=12716, stack(0x0000003d65200000,0x0000003d65300000)]
  0x00000194f1d27800 JavaThread "Signal Dispatcher" daemon [_thread_blocked, id=7740, stack(0x0000003d65300000,0x0000003d65400000)]
  0x00000194f1d28000 JavaThread "Attach Listener" daemon [_thread_blocked, id=9232, stack(0x0000003d65400000,0x0000003d65500000)]
  0x00000194f1d29000 JavaThread "Service Thread" daemon [_thread_blocked, id=12784, stack(0x0000003d65500000,0x0000003d65600000)]
  0x00000194f1d2b800 JavaThread "C2 CompilerThread0" daemon [_thread_blocked, id=6512, stack(0x0000003d65600000,0x0000003d65700000)]
  0x00000194f1d31000 JavaThread "C1 CompilerThread0" daemon [_thread_blocked, id=7956, stack(0x0000003d65700000,0x0000003d65800000)]
  0x00000194f1d33000 JavaThread "Sweeper thread" daemon [_thread_blocked, id=8320, stack(0x0000003d65800000,0x0000003d65900000)]
  0x00000194f2810800 JavaThread "Common-Cleaner" daemon [_thread_blocked, id=3884, stack(0x0000003d65a00000,0x0000003d65b00000)]
  0x00000194f2805800 JavaThread "C2 CompilerThread1" daemon [_thread_blocked, id=7784, stack(0x0000003d65b00000,0x0000003d65c00000)]

Other Threads:
=>0x00000194f1cdf800 VMThread "VM Thread" [stack: 0x0000003d65000000,0x0000003d65100000] [id=4212]
  0x00000194f2802800 WatcherThread [stack: 0x0000003d65900000,0x0000003d65a00000] [id=8080]
  0x00000194d83f3000 GCTaskThread "GC Thread#0" [stack: 0x0000003d64b00000,0x0000003d64c00000] [id=11924]
  0x00000194f2991800 GCTaskThread "GC Thread#1" [stack: 0x0000003d65c00000,0x0000003d65d00000] [id=12876]
  0x00000194d841d800 ConcurrentGCThread "G1 Main Marker" [stack: 0x0000003d64c00000,0x0000003d64d00000] [id=1184]
  0x00000194d841f000 ConcurrentGCThread "G1 Conc#0" [stack: 0x0000003d64d00000,0x0000003d64e00000] [id=3036]
  0x00000194d849a800 ConcurrentGCThread "G1 Refine#0" [stack: 0x0000003d64e00000,0x0000003d64f00000] [id=3188]
  0x00000194d849c000 ConcurrentGCThread "G1 Young RemSet Sampling" [stack: 0x0000003d64f00000,0x0000003d65000000] [id=4480]

Threads with active compile tasks:

VM state:at safepoint (normal execution)

VM Mutex/Monitor currently owned by a thread:  ([mutex/lock_event])
[0x00000194d83d5f50] Threads_lock - owner thread: 0x00000194f1cdf800
[0x00000194d83d7300] Heap_lock - owner thread: 0x00000194d83da000

Heap address: 0x0000000091800000, size: 1768 MB, Compressed Oops mode: 32-bit
Narrow klass base: 0x0000000000000000, Narrow klass shift: 3
Compressed class space size: 1073741824 Address: 0x0000000100000000

Heap:
 garbage-first heap   total 114688K, used 4515K [0x0000000091800000, 0x0000000100000000)
  region size 1024K, 2 young (2048K), 2 survivors (2048K)
 Metaspace       used 6341K, capacity 6407K, committed 6528K, reserved 1064960K
  class space    used 537K, capacity 561K, committed 640K, reserved 1048576K
Heap Regions: E=young(eden), S=young(survivor), O=old, HS=humongous(starts), HC=humongous(continues), CS=collection set, F=free, A=archive, TAMS=top-at-mark-start (previous, next)
|   0|0x0000000091800000, 0x0000000091900000, 0x0000000091900000|100%|HS|  |TAMS 0x0000000091800000, 0x0000000091900000| Complete 
|   1|0x0000000091900000, 0x0000000091a00000, 0x0000000091a00000|100%|HC|  |TAMS 0x0000000091900000, 0x0000000091a00000| Complete 
|   2|0x0000000091a00000, 0x0000000091b00000, 0x0000000091b00000|100%|HC|  |TAMS 0x0000000091a00000, 0x0000000091b00000| Complete 
|   3|0x0000000091b00000, 0x0000000091b00000, 0x0000000091c00000|  0%| F|  |TAMS 0x0000000091b00000, 0x0000000091b00000| Untracked 
|   4|0x0000000091c00000, 0x0000000091c00000, 0x0000000091d00000|  0%| F|  |TAMS 0x0000000091c00000, 0x0000000091c00000| Untracked 
|   5|0x0000000091d00000, 0x0000000091d00000, 0x0000000091e00000|  0%| F|  |TAMS 0x0000000091d00000, 0x0000000091d00000| Untracked 
|   6|0x0000000091e00000, 0x0000000091e00000, 0x0000000091f00000|  0%| F|  |TAMS 0x0000000091e00000, 0x0000000091e00000| Untracked 
|   7|0x0000000091f00000, 0x0000000091f00000, 0x0000000092000000|  0%| F|  |TAMS 0x0000000091f00000, 0x0000000091f00000| Untracked 
|   8|0x0000000092000000, 0x0000000092000000, 0x0000000092100000|  0%| F|  |TAMS 0x0000000092000000, 0x0000000092000000| Untracked 
|   9|0x0000000092100000, 0x0000000092100000, 0x0000000092200000|  0%| F|  |TAMS 0x0000000092100000, 0x0000000092100000| Untracked 
|  10|0x0000000092200000, 0x0000000092200000, 0x0000000092300000|  0%| F|  |TAMS 0x0000000092200000, 0x0000000092200000| Untracked 
|  11|0x0000000092300000, 0x0000000092300000, 0x0000000092400000|  0%| F|  |TAMS 0x0000000092300000, 0x0000000092300000| Untracked 
|  12|0x0000000092400000, 0x0000000092400000, 0x0000000092500000|  0%| F|  |TAMS 0x0000000092400000, 0x0000000092400000| Untracked 
|  13|0x0000000092500000, 0x0000000092500000, 0x0000000092600000|  0%| F|  |TAMS 0x0000000092500000, 0x0000000092500000| Untracked 
|  14|0x0000000092600000, 0x0000000092600000, 0x0000000092700000|  0%| F|  |TAMS 0x0000000092600000, 0x0000000092600000| Untracked 
|  15|0x0000000092700000, 0x0000000092700000, 0x0000000092800000|  0%| F|  |TAMS 0x0000000092700000, 0x0000000092700000| Untracked 
|  16|0x0000000092800000, 0x0000000092800000, 0x0000000092900000|  0%| F|  |TAMS 0x0000000092800000, 0x0000000092800000| Untracked 
|  17|0x0000000092900000, 0x0000000092900000, 0x0000000092a00000|  0%| F|  |TAMS 0x0000000092900000, 0x0000000092900000| Untracked 
|  18|0x0000000092a00000, 0x0000000092a00000, 0x0000000092b00000|  0%| F|  |TAMS 0x0000000092a00000, 0x0000000092a00000| Untracked 
|  19|0x0000000092b00000, 0x0000000092b00000, 0x0000000092c00000|  0%| F|  |TAMS 0x0000000092b00000, 0x0000000092b00000| Untracked 
|  20|0x0000000092c00000, 0x0000000092c00000, 0x0000000092d00000|  0%| F|  |TAMS 0x0000000092c00000, 0x0000000092c00000| Untracked 
|  21|0x0000000092d00000, 0x0000000092d00000, 0x0000000092e00000|  0%| F|  |TAMS 0x0000000092d00000, 0x0000000092d00000| Untracked 
|  22|0x0000000092e00000, 0x0000000092e00000, 0x0000000092f00000|  0%| F|  |TAMS 0x0000000092e00000, 0x0000000092e00000| Untracked 
|  23|0x0000000092f00000, 0x0000000092f00000, 0x0000000093000000|  0%| F|  |TAMS 0x0000000092f00000, 0x0000000092f00000| Untracked 
|  24|0x0000000093000000, 0x0000000093000000, 0x0000000093100000|  0%| F|  |TAMS 0x0000000093000000, 0x0000000093000000| Untracked 
|  25|0x0000000093100000, 0x0000000093100000, 0x0000000093200000|  0%| F|  |TAMS 0x0000000093100000, 0x0000000093100000| Untracked 
|  26|0x0000000093200000, 0x0000000093200000, 0x0000000093300000|  0%| F|  |TAMS 0x0000000093200000, 0x0000000093200000| Untracked 
|  27|0x0000000093300000, 0x0000000093300000, 0x0000000093400000|  0%| F|  |TAMS 0x0000000093300000, 0x0000000093300000| Untracked 
|  28|0x0000000093400000, 0x0000000093400000, 0x0000000093500000|  0%| F|  |TAMS 0x0000000093400000, 0x0000000093400000| Untracked 
|  29|0x0000000093500000, 0x0000000093500000, 0x0000000093600000|  0%| F|  |TAMS 0x0000000093500000, 0x0000000093500000| Untracked 
|  30|0x0000000093600000, 0x0000000093600000, 0x0000000093700000|  0%| F|  |TAMS 0x0000000093600000, 0x0000000093600000| Untracked 
|  31|0x0000000093700000, 0x0000000093700000, 0x0000000093800000|  0%| F|  |TAMS 0x0000000093700000, 0x0000000093700000| Untracked 
|  32|0x0000000093800000, 0x0000000093800000, 0x0000000093900000|  0%| F|  |TAMS 0x0000000093800000, 0x0000000093800000| Untracked 
|  33|0x0000000093900000, 0x0000000093900000, 0x0000000093a00000|  0%| F|  |TAMS 0x0000000093900000, 0x0000000093900000| Untracked 
|  34|0x0000000093a00000, 0x0000000093a00000, 0x0000000093b00000|  0%| F|  |TAMS 0x0000000093a00000, 0x0000000093a00000| Untracked 
|  35|0x0000000093b00000, 0x0000000093b00000, 0x0000000093c00000|  0%| F|  |TAMS 0x0000000093b00000, 0x0000000093b00000| Untracked 
|  36|0x0000000093c00000, 0x0000000093c00000, 0x0000000093d00000|  0%| F|  |TAMS 0x0000000093c00000, 0x0000000093c00000| Untracked 
|  37|0x0000000093d00000, 0x0000000093d00000, 0x0000000093e00000|  0%| F|  |TAMS 0x0000000093d00000, 0x0000000093d00000| Untracked 
|  38|0x0000000093e00000, 0x0000000093e00000, 0x0000000093f00000|  0%| F|  |TAMS 0x0000000093e00000, 0x0000000093e00000| Untracked 
|  39|0x0000000093f00000, 0x0000000093f00000, 0x0000000094000000|  0%| F|  |TAMS 0x0000000093f00000, 0x0000000093f00000| Untracked 
|  40|0x0000000094000000, 0x0000000094000000, 0x0000000094100000|  0%| F|  |TAMS 0x0000000094000000, 0x0000000094000000| Untracked 
|  41|0x0000000094100000, 0x0000000094100000, 0x0000000094200000|  0%| F|  |TAMS 0x0000000094100000, 0x0000000094100000| Untracked 
|  42|0x0000000094200000, 0x0000000094200000, 0x0000000094300000|  0%| F|  |TAMS 0x0000000094200000, 0x0000000094200000| Untracked 
|  43|0x0000000094300000, 0x0000000094300000, 0x0000000094400000|  0%| F|  |TAMS 0x0000000094300000, 0x0000000094300000| Untracked 
|  44|0x0000000094400000, 0x0000000094400000, 0x0000000094500000|  0%| F|  |TAMS 0x0000000094400000, 0x0000000094400000| Untracked 
|  45|0x0000000094500000, 0x0000000094500000, 0x0000000094600000|  0%| F|  |TAMS 0x0000000094500000, 0x0000000094500000| Untracked 
|  46|0x0000000094600000, 0x0000000094600000, 0x0000000094700000|  0%| F|  |TAMS 0x0000000094600000, 0x0000000094600000| Untracked 
|  47|0x0000000094700000, 0x0000000094700000, 0x0000000094800000|  0%| F|  |TAMS 0x0000000094700000, 0x0000000094700000| Untracked 
|  48|0x0000000094800000, 0x0000000094800000, 0x0000000094900000|  0%| F|  |TAMS 0x0000000094800000, 0x0000000094800000| Untracked 
|  49|0x0000000094900000, 0x0000000094900000, 0x0000000094a00000|  0%| F|  |TAMS 0x0000000094900000, 0x0000000094900000| Untracked 
|  50|0x0000000094a00000, 0x0000000094a00000, 0x0000000094b00000|  0%| F|  |TAMS 0x0000000094a00000, 0x0000000094a00000| Untracked 
|  51|0x0000000094b00000, 0x0000000094b00000, 0x0000000094c00000|  0%| F|  |TAMS 0x0000000094b00000, 0x0000000094b00000| Untracked 
|  52|0x0000000094c00000, 0x0000000094c00000, 0x0000000094d00000|  0%| F|  |TAMS 0x0000000094c00000, 0x0000000094c00000| Untracked 
|  53|0x0000000094d00000, 0x0000000094d00000, 0x0000000094e00000|  0%| F|  |TAMS 0x0000000094d00000, 0x0000000094d00000| Untracked 
|  54|0x0000000094e00000, 0x0000000094e00000, 0x0000000094f00000|  0%| F|  |TAMS 0x0000000094e00000, 0x0000000094e00000| Untracked 
|  55|0x0000000094f00000, 0x0000000094f00000, 0x0000000095000000|  0%| F|  |TAMS 0x0000000094f00000, 0x0000000094f00000| Untracked 
|  56|0x0000000095000000, 0x0000000095000000, 0x0000000095100000|  0%| F|  |TAMS 0x0000000095000000, 0x0000000095000000| Untracked 
|  57|0x0000000095100000, 0x0000000095100000, 0x0000000095200000|  0%| F|  |TAMS 0x0000000095100000, 0x0000000095100000| Untracked 
|  58|0x0000000095200000, 0x0000000095200000, 0x0000000095300000|  0%| F|  |TAMS 0x0000000095200000, 0x0000000095200000| Untracked 
|  59|0x0000000095300000, 0x0000000095300000, 0x0000000095400000|  0%| F|  |TAMS 0x0000000095300000, 0x0000000095300000| Untracked 
|  60|0x0000000095400000, 0x0000000095400000, 0x0000000095500000|  0%| F|  |TAMS 0x0000000095400000, 0x0000000095400000| Untracked 
|  61|0x0000000095500000, 0x0000000095500000, 0x0000000095600000|  0%| F|  |TAMS 0x0000000095500000, 0x0000000095500000| Untracked 
|  62|0x0000000095600000, 0x0000000095600000, 0x0000000095700000|  0%| F|  |TAMS 0x0000000095600000, 0x0000000095600000| Untracked 
|  63|0x0000000095700000, 0x0000000095700000, 0x0000000095800000|  0%| F|  |TAMS 0x0000000095700000, 0x0000000095700000| Untracked 
|  64|0x0000000095800000, 0x0000000095800000, 0x0000000095900000|  0%| F|  |TAMS 0x0000000095800000, 0x0000000095800000| Untracked 
|  65|0x0000000095900000, 0x0000000095900000, 0x0000000095a00000|  0%| F|  |TAMS 0x0000000095900000, 0x0000000095900000| Untracked 
|  66|0x0000000095a00000, 0x0000000095a00000, 0x0000000095b00000|  0%| F|  |TAMS 0x0000000095a00000, 0x0000000095a00000| Untracked 
|  67|0x0000000095b00000, 0x0000000095b00000, 0x0000000095c00000|  0%| F|  |TAMS 0x0000000095b00000, 0x0000000095b00000| Untracked 
|  68|0x0000000095c00000, 0x0000000095c00000, 0x0000000095d00000|  0%| F|  |TAMS 0x0000000095c00000, 0x0000000095c00000| Untracked 
|  69|0x0000000095d00000, 0x0000000095d00000, 0x0000000095e00000|  0%| F|  |TAMS 0x0000000095d00000, 0x0000000095d00000| Untracked 
|  70|0x0000000095e00000, 0x0000000095e00000, 0x0000000095f00000|  0%| F|  |TAMS 0x0000000095e00000, 0x0000000095e00000| Untracked 
|  71|0x0000000095f00000, 0x0000000095f00000, 0x0000000096000000|  0%| F|  |TAMS 0x0000000095f00000, 0x0000000095f00000| Untracked 
|  72|0x0000000096000000, 0x0000000096000000, 0x0000000096100000|  0%| F|  |TAMS 0x0000000096000000, 0x0000000096000000| Untracked 
|  73|0x0000000096100000, 0x0000000096100000, 0x0000000096200000|  0%| F|  |TAMS 0x0000000096100000, 0x0000000096100000| Untracked 
|  74|0x0000000096200000, 0x0000000096200000, 0x0000000096300000|  0%| F|  |TAMS 0x0000000096200000, 0x0000000096200000| Untracked 
|  75|0x0000000096300000, 0x0000000096300000, 0x0000000096400000|  0%| F|  |TAMS 0x0000000096300000, 0x0000000096300000| Untracked 
|  76|0x0000000096400000, 0x0000000096400000, 0x0000000096500000|  0%| F|  |TAMS 0x0000000096400000, 0x0000000096400000| Untracked 
|  77|0x0000000096500000, 0x0000000096500000, 0x0000000096600000|  0%| F|  |TAMS 0x0000000096500000, 0x0000000096500000| Untracked 
|  78|0x0000000096600000, 0x0000000096600000, 0x0000000096700000|  0%| F|  |TAMS 0x0000000096600000, 0x0000000096600000| Untracked 
|  79|0x0000000096700000, 0x0000000096700000, 0x0000000096800000|  0%| F|  |TAMS 0x0000000096700000, 0x0000000096700000| Untracked 
|  80|0x0000000096800000, 0x0000000096800000, 0x0000000096900000|  0%| F|  |TAMS 0x0000000096800000, 0x0000000096800000| Untracked 
|  81|0x0000000096900000, 0x0000000096900000, 0x0000000096a00000|  0%| F|  |TAMS 0x0000000096900000, 0x0000000096900000| Untracked 
|  82|0x0000000096a00000, 0x0000000096a00000, 0x0000000096b00000|  0%| F|  |TAMS 0x0000000096a00000, 0x0000000096a00000| Untracked 
|  83|0x0000000096b00000, 0x0000000096b00000, 0x0000000096c00000|  0%| F|  |TAMS 0x0000000096b00000, 0x0000000096b00000| Untracked 
|  84|0x0000000096c00000, 0x0000000096c00000, 0x0000000096d00000|  0%| F|  |TAMS 0x0000000096c00000, 0x0000000096c00000| Untracked 
|  85|0x0000000096d00000, 0x0000000096d00000, 0x0000000096e00000|  0%| F|  |TAMS 0x0000000096d00000, 0x0000000096d00000| Untracked 
|  86|0x0000000096e00000, 0x0000000096e00000, 0x0000000096f00000|  0%| F|  |TAMS 0x0000000096e00000, 0x0000000096e00000| Untracked 
|  87|0x0000000096f00000, 0x0000000096f00000, 0x0000000097000000|  0%| F|  |TAMS 0x0000000096f00000, 0x0000000096f00000| Untracked 
|  88|0x0000000097000000, 0x0000000097000000, 0x0000000097100000|  0%| F|  |TAMS 0x0000000097000000, 0x0000000097000000| Untracked 
|  89|0x0000000097100000, 0x0000000097100000, 0x0000000097200000|  0%| F|  |TAMS 0x0000000097100000, 0x0000000097100000| Untracked 
|  90|0x0000000097200000, 0x0000000097200000, 0x0000000097300000|  0%| F|  |TAMS 0x0000000097200000, 0x0000000097200000| Untracked 
|  91|0x0000000097300000, 0x0000000097300000, 0x0000000097400000|  0%| F|  |TAMS 0x0000000097300000, 0x0000000097300000| Untracked 
|  92|0x0000000097400000, 0x0000000097400000, 0x0000000097500000|  0%| F|  |TAMS 0x0000000097400000, 0x0000000097400000| Untracked 
|  93|0x0000000097500000, 0x0000000097500000, 0x0000000097600000|  0%| F|  |TAMS 0x0000000097500000, 0x0000000097500000| Untracked 
|  94|0x0000000097600000, 0x0000000097600000, 0x0000000097700000|  0%| F|  |TAMS 0x0000000097600000, 0x0000000097600000| Untracked 
|  95|0x0000000097700000, 0x0000000097700000, 0x0000000097800000|  0%| F|  |TAMS 0x0000000097700000, 0x0000000097700000| Untracked 
|  96|0x0000000097800000, 0x0000000097800000, 0x0000000097900000|  0%| F|  |TAMS 0x0000000097800000, 0x0000000097800000| Untracked 
|  97|0x0000000097900000, 0x0000000097900000, 0x0000000097a00000|  0%| F|  |TAMS 0x0000000097900000, 0x0000000097900000| Untracked 
|  98|0x0000000097a00000, 0x0000000097a00000, 0x0000000097b00000|  0%| F|  |TAMS 0x0000000097a00000, 0x0000000097a00000| Untracked 
|  99|0x0000000097b00000, 0x0000000097b00000, 0x0000000097c00000|  0%| F|  |TAMS 0x0000000097b00000, 0x0000000097b00000| Untracked 
| 100|0x0000000097c00000, 0x0000000097c00000, 0x0000000097d00000|  0%| F|  |TAMS 0x0000000097c00000, 0x0000000097c00000| Untracked 
| 101|0x0000000097d00000, 0x0000000097d00000, 0x0000000097e00000|  0%| F|  |TAMS 0x0000000097d00000, 0x0000000097d00000| Untracked 
| 102|0x0000000097e00000, 0x0000000097e00000, 0x0000000097f00000|  0%| F|  |TAMS 0x0000000097e00000, 0x0000000097e00000| Untracked 
| 103|0x0000000097f00000, 0x0000000097f00000, 0x0000000098000000|  0%| F|  |TAMS 0x0000000097f00000, 0x0000000097f00000| Untracked 
| 104|0x0000000098000000, 0x0000000098000000, 0x0000000098100000|  0%| F|  |TAMS 0x0000000098000000, 0x0000000098000000| Untracked 
| 105|0x0000000098100000, 0x0000000098168fc0, 0x0000000098200000| 41%| S|CS|TAMS 0x0000000098100000, 0x0000000098100000| Complete 
| 106|0x0000000098200000, 0x0000000098300000, 0x0000000098300000|100%| S|CS|TAMS 0x0000000098200000, 0x0000000098200000| Complete 
| 107|0x0000000098300000, 0x0000000098300000, 0x0000000098400000|  0%| F|  |TAMS 0x0000000098300000, 0x0000000098300000| Untracked 
| 108|0x0000000098400000, 0x0000000098400000, 0x0000000098500000|  0%| F|  |TAMS 0x0000000098400000, 0x0000000098400000| Untracked 
| 109|0x0000000098500000, 0x0000000098500000, 0x0000000098600000|  0%| F|  |TAMS 0x0000000098500000, 0x0000000098500000| Untracked 
| 110|0x0000000098600000, 0x0000000098600000, 0x0000000098700000|  0%| F|  |TAMS 0x0000000098600000, 0x0000000098600000| Untracked 
| 111|0x0000000098700000, 0x0000000098700000, 0x0000000098800000|  0%| F|  |TAMS 0x0000000098700000, 0x0000000098700000| Untracked 

Card table byte_map: [0x00000194eb8b0000,0x00000194ebc30000] _byte_map_base: 0x00000194eb424000

Marking Bits (Prev, Next): (CMBitMap*) 0x00000194d8415aa8, (CMBitMap*) 0x00000194d8415ae0
 Prev Bits: [0x00000194ebfb0000, 0x00000194edb50000)
 Next Bits: [0x00000194edb50000, 0x00000194ef6f0000)

Polling page: 0x00000194d84c0000

Metaspace:

Usage:
  Non-class:      5.71 MB capacity,     5.67 MB (>99%) used,    39.84 KB ( <1%) free+waste,     2.19 KB ( <1%) overhead. 
      Class:    561.00 KB capacity,   537.21 KB ( 96%) used,    22.85 KB (  4%) free+waste,   960 bytes ( <1%) overhead. 
       Both:      6.26 MB capacity,     6.19 MB ( 99%) used,    62.70 KB ( <1%) free+waste,     3.13 KB ( <1%) overhead. 

Virtual space:
  Non-class space:       16.00 MB reserved,       5.75 MB ( 36%) committed 
      Class space:        1.00 GB reserved,     640.00 KB ( <1%) committed 
             Both:        1.02 GB reserved,       6.38 MB ( <1%) committed 

Chunk freelists:
   Non-Class:  42.00 KB
       Class:  15.00 KB
        Both:  57.00 KB

MaxMetaspaceSize: 17179869184.00 GB
CompressedClassSpaceSize: 1.00 GB

CodeHeap 'non-profiled nmethods': size=120064Kb used=64Kb max_used=64Kb free=119999Kb
 bounds [0x00000194e39c0000, 0x00000194e3c30000, 0x00000194eaf00000]
CodeHeap 'profiled nmethods': size=120000Kb used=306Kb max_used=306Kb free=119693Kb
 bounds [0x00000194dc490000, 0x00000194dc700000, 0x00000194e39c0000]
CodeHeap 'non-nmethods': size=5696Kb used=1053Kb max_used=1064Kb free=4642Kb
 bounds [0x00000194dbf00000, 0x00000194dc170000, 0x00000194dc490000]
 total_blobs=574 nmethods=233 adapters=253
 compilation: enabled
              stopped_count=0, restarted_count=0
 full_count=0

Compilation events (20 events):
Event: 0.361 Thread 0x00000194f1d31000  216   !   3       jdk.internal.loader.BuiltinClassLoader::loadClassOrNull (143 bytes)
Event: 0.361 Thread 0x00000194f2805800  219       4       java.lang.String::length (11 bytes)
Event: 0.362 Thread 0x00000194f2805800 nmethod 219 0x00000194e39cdb90 code [0x00000194e39cdd20, 0x00000194e39cdd98]
Event: 0.363 Thread 0x00000194f1d31000 nmethod 216 0x00000194dc4d9510 code [0x00000194dc4d9880, 0x00000194dc4db028]
Event: 0.363 Thread 0x00000194f1d31000  218       3       java.lang.AbstractStringBuilder::append (55 bytes)
Event: 0.364 Thread 0x00000194f1d31000 nmethod 218 0x00000194dc4dba10 code [0x00000194dc4dbc00, 0x00000194dc4dbf38]
Event: 0.364 Thread 0x00000194f1d31000  217       3       java.lang.ClassLoader::getClassLoadingLock (35 bytes)
Event: 0.364 Thread 0x00000194f1d31000 nmethod 217 0x00000194dc4dc090 code [0x00000194dc4dc260, 0x00000194dc4dc548]
Event: 0.376 Thread 0x00000194f1d31000  221       1       java.lang.Enum::ordinal (5 bytes)
Event: 0.377 Thread 0x00000194f1d31000 nmethod 221 0x00000194e39ce010 code [0x00000194e39ce1c0, 0x00000194e39ce278]
Event: 0.377 Thread 0x00000194f1d31000  222       3       java.lang.Number::<init> (5 bytes)
Event: 0.377 Thread 0x00000194f1d31000 nmethod 222 0x00000194dc4dc690 code [0x00000194dc4dc840, 0x00000194dc4dc998]
Event: 0.385 Thread 0x00000194f1d31000  227       1       java.lang.Class::getClassLoader0 (5 bytes)
Event: 0.386 Thread 0x00000194f1d31000 nmethod 227 0x00000194e39ced10 code [0x00000194e39ceec0, 0x00000194e39cef78]
Event: 0.389 Thread 0x00000194f1d31000  230       1       java.lang.invoke.MethodType$ConcurrentWeakInternSet$WeakEntry::hashCode (5 bytes)
Event: 0.389 Thread 0x00000194f1d2b800  231       4       java.util.concurrent.ConcurrentHashMap::spread (10 bytes)
Event: 0.389 Thread 0x00000194f1d31000 nmethod 230 0x00000194e39cf610 code [0x00000194e39cf7c0, 0x00000194e39cf878]
Event: 0.390 Thread 0x00000194f1d2b800 nmethod 231 0x00000194e39cf910 code [0x00000194e39cfaa0, 0x00000194e39cfaf8]
Event: 0.391 Thread 0x00000194f1d31000  233       1       java.lang.invoke.MethodType::returnType (5 bytes)
Event: 0.391 Thread 0x00000194f1d31000 nmethod 233 0x00000194e39cfd90 code [0x00000194e39cff40, 0x00000194e39cfff8]

GC Heap History (2 events):
Event: 0.393 GC heap before
{Heap before GC invocations=0 (full 0):
 garbage-first heap   total 114688K, used 7168K [0x0000000091800000, 0x0000000100000000)
  region size 1024K, 5 young (5120K), 0 survivors (0K)
 Metaspace       used 6341K, capacity 6407K, committed 6528K, reserved 1062912K
  class space    used 537K, capacity 561K, committed 640K, reserved 1048576K
}
Event: 0.397 GC heap after
{Heap after GC invocations=1 (full 0):
 garbage-first heap   total 114688K, used 4515K [0x0000000091800000, 0x0000000100000000)
  region size 1024K, 2 young (2048K), 2 survivors (2048K)
 Metaspace       used 6341K, capacity 6407K, committed 6528K, reserved 1062912K
  class space    used 537K, capacity 561K, committed 640K, reserved 1048576K
}

Deoptimization events (20 events):
Event: 0.221 Thread 0x00000194d83da000 DEOPT PACKING pc=0x00000194dc4adcbb sp=0x0000003d64afa850
Event: 0.221 Thread 0x00000194d83da000 DEOPT UNPACKING pc=0x00000194dbf26dde sp=0x0000003d64af9d20 mode 0
Event: 0.221 Thread 0x00000194d83da000 DEOPT PACKING pc=0x00000194dc4adcbb sp=0x0000003d64afa850
Event: 0.221 Thread 0x00000194d83da000 DEOPT UNPACKING pc=0x00000194dbf26dde sp=0x0000003d64af9d20 mode 0
Event: 0.222 Thread 0x00000194d83da000 DEOPT PACKING pc=0x00000194dc4adcbb sp=0x0000003d64afa850
Event: 0.222 Thread 0x00000194d83da000 DEOPT UNPACKING pc=0x00000194dbf26dde sp=0x0000003d64af9d20 mode 0
Event: 0.222 Thread 0x00000194d83da000 DEOPT PACKING pc=0x00000194dc4adcbb sp=0x0000003d64afa850
Event: 0.222 Thread 0x00000194d83da000 DEOPT UNPACKING pc=0x00000194dbf26dde sp=0x0000003d64af9d20 mode 0
Event: 0.223 Thread 0x00000194d83da000 DEOPT PACKING pc=0x00000194dc4adcbb sp=0x0000003d64afa850
Event: 0.223 Thread 0x00000194d83da000 DEOPT UNPACKING pc=0x00000194dbf26dde sp=0x0000003d64af9d20 mode 0
Event: 0.223 Thread 0x00000194d83da000 DEOPT PACKING pc=0x00000194dc4adcbb sp=0x0000003d64afa850
Event: 0.223 Thread 0x00000194d83da000 DEOPT UNPACKING pc=0x00000194dbf26dde sp=0x0000003d64af9d20 mode 0
Event: 0.223 Thread 0x00000194d83da000 DEOPT PACKING pc=0x00000194dc4adcbb sp=0x0000003d64afa850
Event: 0.223 Thread 0x00000194d83da000 DEOPT UNPACKING pc=0x00000194dbf26dde sp=0x0000003d64af9d20 mode 0
Event: 0.223 Thread 0x00000194d83da000 DEOPT PACKING pc=0x00000194dc4adcbb sp=0x0000003d64afa850
Event: 0.223 Thread 0x00000194d83da000 DEOPT UNPACKING pc=0x00000194dbf26dde sp=0x0000003d64af9d20 mode 0
Event: 0.224 Thread 0x00000194d83da000 DEOPT PACKING pc=0x00000194dc4adcbb sp=0x0000003d64afa850
Event: 0.224 Thread 0x00000194d83da000 DEOPT UNPACKING pc=0x00000194dbf26dde sp=0x0000003d64af9d20 mode 0
Event: 0.224 Thread 0x00000194d83da000 DEOPT PACKING pc=0x00000194dc4adcbb sp=0x0000003d64afa850
Event: 0.224 Thread 0x00000194d83da000 DEOPT UNPACKING pc=0x00000194dbf26dde sp=0x0000003d64af9d20 mode 0

Classes redefined (0 events):
No events

Internal exceptions (0 events):
No events

Events (20 events):
Event: 0.388 loading class java/lang/invoke/SimpleMethodHandle
Event: 0.388 loading class java/lang/invoke/SimpleMethodHandle done
Event: 0.389 loading class java/lang/invoke/BoundMethodHandle$Species_L
Event: 0.390 loading class java/lang/invoke/BoundMethodHandle$Species_L done
Event: 0.390 loading class sun/invoke/util/VerifyType
Event: 0.391 loading class sun/invoke/util/VerifyType done
Event: 0.391 loading class sun/invoke/empty/Empty
Event: 0.391 loading class sun/invoke/empty/Empty done
Event: 0.391 loading class java/lang/invoke/DirectMethodHandle$1
Event: 0.391 loading class java/lang/invoke/DirectMethodHandle$1 done
Event: 0.391 loading class java/lang/invoke/DirectMethodHandle$Accessor
Event: 0.391 loading class java/lang/invoke/DirectMethodHandle$Accessor done
Event: 0.392 loading class sun/invoke/util/Wrapper$1
Event: 0.392 loading class sun/invoke/util/Wrapper$1 done
Event: 0.392 loading class java/lang/invoke/MethodHandleImpl$IntrinsicMethodHandle
Event: 0.392 loading class java/lang/invoke/DelegatingMethodHandle
Event: 0.392 loading class java/lang/invoke/DelegatingMethodHandle done
Event: 0.392 loading class java/lang/invoke/MethodHandleImpl$IntrinsicMethodHandle done
Event: 0.392 loading class java/lang/invoke/DelegatingMethodHandle$Holder
Event: 0.392 Executing VM operation: CollectForMetadataAllocation


Dynamic libraries:
0x00007ff694540000 - 0x00007ff69454a000 	C:\Program Files\Android\Android Studio\jre\bin\java.exe
0x00007ffd56710000 - 0x00007ffd56905000 	C:\WINDOWS\SYSTEM32\ntdll.dll
0x00007ffd55b80000 - 0x00007ffd55c3e000 	C:\WINDOWS\System32\KERNEL32.DLL
0x00007ffd542a0000 - 0x00007ffd54568000 	C:\WINDOWS\System32\KERNELBASE.dll
0x00007ffd54570000 - 0x00007ffd54670000 	C:\WINDOWS\System32\ucrtbase.dll
0x00007ffd45cd0000 - 0x00007ffd45ce9000 	C:\Program Files\Android\Android Studio\jre\bin\jli.dll
0x00007ffd557e0000 - 0x00007ffd55981000 	C:\WINDOWS\System32\USER32.dll
0x00007ffd53f80000 - 0x00007ffd53fa2000 	C:\WINDOWS\System32\win32u.dll
0x00007ffd54840000 - 0x00007ffd5486b000 	C:\WINDOWS\System32\GDI32.dll
0x00007ffd42e20000 - 0x00007ffd430ba000 	C:\WINDOWS\WinSxS\amd64_microsoft.windows.common-controls_6595b64144ccf1df_6.0.19041.1110_none_60b5254171f9507e\COMCTL32.dll
0x00007ffd540e0000 - 0x00007ffd541ed000 	C:\WINDOWS\System32\gdi32full.dll
0x00007ffd56310000 - 0x00007ffd563ae000 	C:\WINDOWS\System32\msvcrt.dll
0x00007ffd53fb0000 - 0x00007ffd5404d000 	C:\WINDOWS\System32\msvcp_win.dll
0x00007ffd45ad0000 - 0x00007ffd45ae7000 	C:\Program Files\Android\Android Studio\jre\bin\VCRUNTIME140.dll
0x00007ffd55a20000 - 0x00007ffd55a50000 	C:\WINDOWS\System32\IMM32.DLL
0x00007ffd16f60000 - 0x00007ffd16ffd000 	C:\Program Files\Android\Android Studio\jre\bin\msvcp140.dll
0x00007ffd0b320000 - 0x00007ffd0bdf5000 	C:\Program Files\Android\Android Studio\jre\bin\server\jvm.dll
0x00007ffd56450000 - 0x00007ffd564fe000 	C:\WINDOWS\System32\ADVAPI32.dll
0x00007ffd563b0000 - 0x00007ffd5644c000 	C:\WINDOWS\System32\sechost.dll
0x00007ffd54e90000 - 0x00007ffd54fb5000 	C:\WINDOWS\System32\RPCRT4.dll
0x00007ffd54830000 - 0x00007ffd54838000 	C:\WINDOWS\System32\PSAPI.DLL
0x00007ffd4a0b0000 - 0x00007ffd4a0d7000 	C:\WINDOWS\SYSTEM32\WINMM.dll
0x00007ffd538f0000 - 0x00007ffd538fa000 	C:\WINDOWS\SYSTEM32\VERSION.dll
0x00007ffd3ca70000 - 0x00007ffd3ca79000 	C:\WINDOWS\SYSTEM32\WSOCK32.dll
0x00007ffd54fc0000 - 0x00007ffd5502b000 	C:\WINDOWS\System32\WS2_32.dll
0x00007ffd51c60000 - 0x00007ffd51c72000 	C:\WINDOWS\SYSTEM32\kernel.appcore.dll
0x00007ffd45c60000 - 0x00007ffd45c71000 	C:\Program Files\Android\Android Studio\jre\bin\verify.dll
0x00007ffd432e0000 - 0x00007ffd434c4000 	C:\WINDOWS\SYSTEM32\DBGHELP.DLL
0x00007ffd3ca40000 - 0x00007ffd3ca6c000 	C:\WINDOWS\SYSTEM32\dbgcore.DLL
0x00007ffd546c0000 - 0x00007ffd54742000 	C:\WINDOWS\System32\bcryptPrimitives.dll
0x00007ffd44b10000 - 0x00007ffd44b39000 	C:\Program Files\Android\Android Studio\jre\bin\java.dll
0x00007ffd4efa0000 - 0x00007ffd4efab000 	C:\Program Files\Android\Android Studio\jre\bin\jimage.dll
0x00007ffd459e0000 - 0x00007ffd459f8000 	C:\Program Files\Android\Android Studio\jre\bin\zip.dll
0x00007ffd55030000 - 0x00007ffd55774000 	C:\WINDOWS\System32\SHELL32.dll
0x00007ffd51e60000 - 0x00007ffd525f5000 	C:\WINDOWS\SYSTEM32\windows.storage.dll
0x00007ffd54a20000 - 0x00007ffd54d75000 	C:\WINDOWS\System32\combase.dll
0x00007ffd53650000 - 0x00007ffd5367e000 	C:\WINDOWS\SYSTEM32\Wldp.dll
0x00007ffd54d80000 - 0x00007ffd54e2d000 	C:\WINDOWS\System32\SHCORE.dll
0x00007ffd55780000 - 0x00007ffd557d5000 	C:\WINDOWS\System32\shlwapi.dll
0x00007ffd53d60000 - 0x00007ffd53d7f000 	C:\WINDOWS\SYSTEM32\profapi.dll
0x00007ffd44af0000 - 0x00007ffd44b0a000 	C:\Program Files\Android\Android Studio\jre\bin\net.dll
0x00007ffd46290000 - 0x00007ffd4639c000 	C:\WINDOWS\SYSTEM32\WINHTTP.dll
0x00007ffd53430000 - 0x00007ffd5349a000 	C:\WINDOWS\system32\mswsock.dll
0x00007ffd44ad0000 - 0x00007ffd44ae4000 	C:\Program Files\Android\Android Studio\jre\bin\nio.dll

dbghelp: loaded successfully - version: 4.0.5 - missing functions: none
symbol engine: initialized successfully - sym options: 0x614 - pdb path: .;C:\Program Files\Android\Android Studio\jre\bin;C:\WINDOWS\SYSTEM32;C:\WINDOWS\WinSxS\amd64_microsoft.windows.common-controls_6595b64144ccf1df_6.0.19041.1110_none_60b5254171f9507e;C:\Program Files\Android\Android Studio\jre\bin\server

VM Arguments:
java_command: org.jetbrains.kotlin.cli.jvm.K2JVMCompiler @C:\Users\maxon\AndroidStudioProjects\lab3\app\build\20220126_12033210888677409964.compiler.options
java_class_path (initial): C:\Users\maxon\.gradle\caches\modules-2\files-2.1\org.jetbrains.kotlin\kotlin-compiler-embeddable\1.5.31\cc18c29253541dc57c25c3ef514d63c7953ae1a6\kotlin-compiler-embeddable-1.5.31.jar;C:\Users\maxon\.gradle\caches\modules-2\files-2.1\org.jetbrains.kotlin\kotlin-reflect\1.5.31\1523fcd842a47da0820cea772b19c51056fec8a9\kotlin-reflect-1.5.31.jar;C:\Users\maxon\.gradle\caches\modules-2\files-2.1\org.jetbrains.kotlin\kotlin-stdlib\1.5.31\6628d61d0f5603568e72d2d5915d2c034b4f1c55\kotlin-stdlib-1.5.31.jar;C:\Users\maxon\.gradle\caches\modules-2\files-2.1\org.jetbrains.kotlin\kotlin-script-runtime\1.5.31\aaea854be2cfc06373dfc11be5a6ba9ca5ca84a6\kotlin-script-runtime-1.5.31.jar;C:\Users\maxon\.gradle\caches\modules-2\files-2.1\org.jetbrains.kotlin\kotlin-daemon-embeddable\1.5.31\d19b549661e28c62781683dc7c7e34bf416974f1\kotlin-daemon-embeddable-1.5.31.jar;C:\Users\maxon\.gradle\caches\modules-2\files-2.1\org.jetbrains.intellij.deps\trove4j\1.0.20181211\216c2e14b070f334479d800987affe4054cd563f\trove4j-1.0.20181211.jar;C:\Users\maxon\.gradle\caches\modules-2\files-2.1\org.jetbrains\annotations\13.0\919f0dfe192fb4e063e7dacadee7f8bb9a2672a9\annotations-13.0.jar;C:\Users\maxon\.gradle\caches\modules-2\files-2.1\org.jetbrains.kotlin\kotlin-stdlib-common\1.5.31\43331609c7de811fed085e0dfd150874b157c32\kotlin-stdlib-common-1.5.31.jar
Launcher Type: SUN_STANDARD

[Global flags]
     intx CICompilerCount                          = 3                                         {product} {ergonomic}
     uint ConcGCThreads                            = 1                                         {product} {ergonomic}
     uint G1ConcRefinementThreads                  = 4                                         {product} {ergonomic}
   size_t G1HeapRegionSize                         = 1048576                                   {product} {ergonomic}
    uintx GCDrainStackTargetSize                   = 64                                        {product} {ergonomic}
   size_t InitialHeapSize                          = 117440512                                 {product} {ergonomic}
   size_t MarkStackSize                            = 4194304                                   {product} {ergonomic}
   size_t MaxHeapSize                              = 1853882368                                {product} {ergonomic}
   size_t MaxNewSize                               = 1111490560                                {product} {ergonomic}
   size_t MinHeapDeltaBytes                        = 1048576                                   {product} {ergonomic}
    uintx NonNMethodCodeHeapSize                   = 5830732                                {pd product} {ergonomic}
    uintx NonProfiledCodeHeapSize                  = 122913754                              {pd product} {ergonomic}
    uintx ProfiledCodeHeapSize                     = 122913754                              {pd product} {ergonomic}
    uintx ReservedCodeCacheSize                    = 251658240                              {pd product} {ergonomic}
     bool SegmentedCodeCache                       = true                                      {product} {ergonomic}
     bool UseCompressedClassPointers               = true                                 {lp64_product} {ergonomic}
     bool UseCompressedOops                        = true                                 {lp64_product} {ergonomic}
     bool UseG1GC                                  = true                                      {product} {ergonomic}
     bool UseLargePagesIndividualAllocation        = false                                  {pd product} {ergonomic}

Logging:
Log output configuration:
 #0: stdout all=warning uptime,level,tags
 #1: stderr all=off uptime,level,tags

Environment Variables:
PATH=C:\Program Files (x86)\Common Files\Oracle\Java\javapath;C:\WINDOWS\system32;C:\WINDOWS;C:\WINDOWS\System32\Wbem;C:\WINDOWS\System32\WindowsPowerShell\v1.0\;C:\WINDOWS\System32\OpenSSH\;C:\Program Files\Git\cmd;C:\Program Files\nodejs\;C:\Program Files\Symfony;C:\Program Files\Docker\Docker\resources\bin;C:\ProgramData\DockerDesktop\version-bin;C:\Users\maxon\AppData\Local\Microsoft\WindowsApps;;C:\Users\maxon\AppData\Local\Programs\Microsoft VS Code\bin;C:\Program Files\JetBrains\PyCharm 2019.2.3\bin;;C:\Users\maxon\AppData\Roaming\npm
USERNAME=maxon
OS=Windows_NT
PROCESSOR_IDENTIFIER=AMD64 Family 23 Model 17 Stepping 0, AuthenticAMD



---------------  S Y S T E M  ---------------

OS: Windows 10 , 64 bit Build 19041 (10.0.19041.1466)
OS uptime: 0 days 5:49 hours
Hyper-V role detected

CPU:total 4 (initial active 4) (4 cores per cpu, 2 threads per core) family 23 model 17 stepping 0 microcode 0x0, cmov, cx8, fxsr, mmx, sse, sse2, sse3, ssse3, sse4.1, sse4.2, popcnt, avx, avx2, aes, clmul, mmxext, 3dnowpref, lzcnt, sse4a, ht, tsc, tscinvbit, tscinv, bmi1, bmi2, adx, s

Memory: 4k page, system-wide physical 7068M (438M free)
TotalPageFile size 9116M (AvailPageFile size 5M)
current process WorkingSet (physical memory assigned to process): 45M, peak: 45M
current process commit charge ("private bytes"): 181M, peak: 182M

vm_info: OpenJDK 64-Bit Server VM (11.0.11+9-b60-7590822) for windows-amd64 JRE (11.0.11+9-b60-7590822), built on Jul 29 2021 21:43:44 by "builder" with MS VC++ 14.0 (VS2015)

END.
